/home/animesh/Desktop/swarm_project/install/swarm/lib/python3.10/site-packages/swarm/__init__.py
/home/animesh/Desktop/swarm_project/install/swarm/lib/python3.10/site-packages/swarm/__pycache__/__init__.cpython-310.pyc
/home/animesh/Desktop/swarm_project/install/swarm/share/ament_index/resource_index/packages/swarm
/home/animesh/Desktop/swarm_project/install/swarm/share/swarm/package.xml
/home/animesh/Desktop/swarm_project/install/swarm/share/swarm/launch/model.launch.py
/home/animesh/Desktop/swarm_project/install/swarm/share/swarm/model/main_frame.xacro
/home/animesh/Desktop/swarm_project/install/swarm/share/swarm/model/robot.xacro
/home/animesh/Desktop/swarm_project/install/swarm/share/swarm/model/robot.gazebo
/home/animesh/Desktop/swarm_project/install/swarm/share/swarm/model/wheels.xacro
/home/animesh/Desktop/swarm_project/install/swarm/share/swarm/meshes/zed2i.stl
/home/animesh/Desktop/swarm_project/install/swarm/share/swarm/meshes/VLP16_base_2.dae
/home/animesh/Desktop/swarm_project/install/swarm/share/swarm/meshes/top_chassis.stl
/home/animesh/Desktop/swarm_project/install/swarm/share/swarm/meshes/VLP16_base_1.dae
/home/animesh/Desktop/swarm_project/install/swarm/share/swarm/meshes/bumper.stl
/home/animesh/Desktop/swarm_project/install/swarm/share/swarm/meshes/VLP16_scan.dae
/home/animesh/Desktop/swarm_project/install/swarm/share/swarm/meshes/wheel.stl
/home/animesh/Desktop/swarm_project/install/swarm/share/swarm/meshes/main_frame.stl
/home/animesh/Desktop/swarm_project/install/swarm/share/swarm/meshes/realsense.stl
/home/animesh/Desktop/swarm_project/install/swarm/share/swarm/world/swarm_world.sdf
/home/animesh/Desktop/swarm_project/install/swarm/share/swarm/world/ground/model.config
/home/animesh/Desktop/swarm_project/install/swarm/share/swarm/world/ground/ground.sdf
/home/animesh/Desktop/swarm_project/install/swarm/share/swarm/world/ground/4.png
/home/animesh/Desktop/swarm_project/install/swarm/share/swarm/world/ground/5.png
/home/animesh/Desktop/swarm_project/install/swarm/share/swarm/world/ground/1.png
/home/animesh/Desktop/swarm_project/install/swarm/share/swarm/world/ground/2.png
/home/animesh/Desktop/swarm_project/install/swarm/share/swarm/world/ground/3.png
/home/animesh/Desktop/swarm_project/install/swarm/lib/python3.10/site-packages/swarm-0.0.0-py3.10.egg-info/PKG-INFO
/home/animesh/Desktop/swarm_project/install/swarm/lib/python3.10/site-packages/swarm-0.0.0-py3.10.egg-info/top_level.txt
/home/animesh/Desktop/swarm_project/install/swarm/lib/python3.10/site-packages/swarm-0.0.0-py3.10.egg-info/zip-safe
/home/animesh/Desktop/swarm_project/install/swarm/lib/python3.10/site-packages/swarm-0.0.0-py3.10.egg-info/SOURCES.txt
/home/animesh/Desktop/swarm_project/install/swarm/lib/python3.10/site-packages/swarm-0.0.0-py3.10.egg-info/dependency_links.txt
/home/animesh/Desktop/swarm_project/install/swarm/lib/python3.10/site-packages/swarm-0.0.0-py3.10.egg-info/entry_points.txt
/home/animesh/Desktop/swarm_project/install/swarm/lib/python3.10/site-packages/swarm-0.0.0-py3.10.egg-info/requires.txt
