[0.516s] Invoking command in '/home/animesh/Desktop/swarm_project/src/swarm': PYTHONPATH=/home/animesh/Desktop/swarm_project/build/swarm/prefix_override:/usr/lib/python3/dist-packages/colcon_core/task/python/colcon_distutils_commands:/home/animesh/Desktop/swarm_project/install/swarm/lib/python3.10/site-packages:${PYTHONPATH} /usr/bin/python3 -W ignore:setup.py install is deprecated -W ignore:easy_install command is deprecated setup.py egg_info --egg-base ../../build/swarm build --build-base /home/animesh/Desktop/swarm_project/build/swarm/build install --record /home/animesh/Desktop/swarm_project/build/swarm/install.log --single-version-externally-managed install_data
[0.714s] running egg_info
[0.714s] creating ../../build/swarm/swarm.egg-info
[0.715s] writing ../../build/swarm/swarm.egg-info/PKG-INFO
[0.715s] writing dependency_links to ../../build/swarm/swarm.egg-info/dependency_links.txt
[0.715s] writing entry points to ../../build/swarm/swarm.egg-info/entry_points.txt
[0.715s] writing requirements to ../../build/swarm/swarm.egg-info/requires.txt
[0.715s] writing top-level names to ../../build/swarm/swarm.egg-info/top_level.txt
[0.715s] writing manifest file '../../build/swarm/swarm.egg-info/SOURCES.txt'
[0.716s] reading manifest file '../../build/swarm/swarm.egg-info/SOURCES.txt'
[0.717s] adding license file 'LICENSE'
[0.717s] writing manifest file '../../build/swarm/swarm.egg-info/SOURCES.txt'
[0.717s] running build
[0.717s] running build_py
[0.717s] creating /home/animesh/Desktop/swarm_project/build/swarm/build
[0.717s] creating /home/animesh/Desktop/swarm_project/build/swarm/build/lib
[0.717s] creating /home/animesh/Desktop/swarm_project/build/swarm/build/lib/swarm
[0.717s] copying swarm/__init__.py -> /home/animesh/Desktop/swarm_project/build/swarm/build/lib/swarm
[0.718s] running install
[0.718s] running install_lib
[0.718s] creating /home/animesh/Desktop/swarm_project/install/swarm/lib/python3.10/site-packages/swarm
[0.718s] copying /home/animesh/Desktop/swarm_project/build/swarm/build/lib/swarm/__init__.py -> /home/animesh/Desktop/swarm_project/install/swarm/lib/python3.10/site-packages/swarm
[0.719s] byte-compiling /home/animesh/Desktop/swarm_project/install/swarm/lib/python3.10/site-packages/swarm/__init__.py to __init__.cpython-310.pyc
[0.719s] running install_data
[0.719s] creating /home/animesh/Desktop/swarm_project/install/swarm/share/ament_index
[0.719s] creating /home/animesh/Desktop/swarm_project/install/swarm/share/ament_index/resource_index
[0.719s] creating /home/animesh/Desktop/swarm_project/install/swarm/share/ament_index/resource_index/packages
[0.719s] copying resource/swarm -> /home/animesh/Desktop/swarm_project/install/swarm/share/ament_index/resource_index/packages
[0.719s] copying package.xml -> /home/animesh/Desktop/swarm_project/install/swarm/share/swarm
[0.719s] creating /home/animesh/Desktop/swarm_project/install/swarm/share/swarm/launch
[0.719s] copying launch/model.launch.py -> /home/animesh/Desktop/swarm_project/install/swarm/share/swarm/launch
[0.720s] creating /home/animesh/Desktop/swarm_project/install/swarm/share/swarm/model
[0.720s] copying model/main_frame.xacro -> /home/animesh/Desktop/swarm_project/install/swarm/share/swarm/model
[0.720s] copying model/robot.xacro -> /home/animesh/Desktop/swarm_project/install/swarm/share/swarm/model
[0.720s] copying model/robot.gazebo -> /home/animesh/Desktop/swarm_project/install/swarm/share/swarm/model
[0.720s] copying model/wheels.xacro -> /home/animesh/Desktop/swarm_project/install/swarm/share/swarm/model
[0.720s] creating /home/animesh/Desktop/swarm_project/install/swarm/share/swarm/meshes
[0.720s] copying meshes/zed2i.stl -> /home/animesh/Desktop/swarm_project/install/swarm/share/swarm/meshes
[0.720s] copying meshes/VLP16_base_2.dae -> /home/animesh/Desktop/swarm_project/install/swarm/share/swarm/meshes
[0.721s] copying meshes/top_chassis.stl -> /home/animesh/Desktop/swarm_project/install/swarm/share/swarm/meshes
[0.721s] copying meshes/VLP16_base_1.dae -> /home/animesh/Desktop/swarm_project/install/swarm/share/swarm/meshes
[0.721s] copying meshes/bumper.stl -> /home/animesh/Desktop/swarm_project/install/swarm/share/swarm/meshes
[0.721s] copying meshes/VLP16_scan.dae -> /home/animesh/Desktop/swarm_project/install/swarm/share/swarm/meshes
[0.722s] copying meshes/wheel.stl -> /home/animesh/Desktop/swarm_project/install/swarm/share/swarm/meshes
[0.722s] copying meshes/main_frame.stl -> /home/animesh/Desktop/swarm_project/install/swarm/share/swarm/meshes
[0.722s] copying meshes/realsense.stl -> /home/animesh/Desktop/swarm_project/install/swarm/share/swarm/meshes
[0.722s] creating /home/animesh/Desktop/swarm_project/install/swarm/share/swarm/world
[0.722s] copying world/swarm_world.sdf -> /home/animesh/Desktop/swarm_project/install/swarm/share/swarm/world
[0.722s] creating /home/animesh/Desktop/swarm_project/install/swarm/share/swarm/world/ground
[0.723s] copying world/ground/model.config -> /home/animesh/Desktop/swarm_project/install/swarm/share/swarm/world/ground
[0.723s] copying world/ground/ground.sdf -> /home/animesh/Desktop/swarm_project/install/swarm/share/swarm/world/ground
[0.723s] copying world/ground/thumbnails/4.png -> /home/animesh/Desktop/swarm_project/install/swarm/share/swarm/world/ground
[0.723s] copying world/ground/thumbnails/5.png -> /home/animesh/Desktop/swarm_project/install/swarm/share/swarm/world/ground
[0.723s] copying world/ground/thumbnails/1.png -> /home/animesh/Desktop/swarm_project/install/swarm/share/swarm/world/ground
[0.723s] copying world/ground/thumbnails/2.png -> /home/animesh/Desktop/swarm_project/install/swarm/share/swarm/world/ground
[0.723s] copying world/ground/thumbnails/3.png -> /home/animesh/Desktop/swarm_project/install/swarm/share/swarm/world/ground
[0.723s] running install_egg_info
[0.725s] Copying ../../build/swarm/swarm.egg-info to /home/animesh/Desktop/swarm_project/install/swarm/lib/python3.10/site-packages/swarm-0.0.0-py3.10.egg-info
[0.726s] running install_scripts
[0.743s] writing list of installed files to '/home/animesh/Desktop/swarm_project/build/swarm/install.log'
[0.764s] Invoked command in '/home/animesh/Desktop/swarm_project/src/swarm' returned '0': PYTHONPATH=/home/animesh/Desktop/swarm_project/build/swarm/prefix_override:/usr/lib/python3/dist-packages/colcon_core/task/python/colcon_distutils_commands:/home/animesh/Desktop/swarm_project/install/swarm/lib/python3.10/site-packages:${PYTHONPATH} /usr/bin/python3 -W ignore:setup.py install is deprecated -W ignore:easy_install command is deprecated setup.py egg_info --egg-base ../../build/swarm build --build-base /home/animesh/Desktop/swarm_project/build/swarm/build install --record /home/animesh/Desktop/swarm_project/build/swarm/install.log --single-version-externally-managed install_data
