[0.000000] (-) TimerEvent: {}
[0.000154] (swarm) JobQueued: {'identifier': 'swarm', 'dependencies': OrderedDict()}
[0.000216] (swarm) JobStarted: {'identifier': 'swarm'}
[0.099354] (-) TimerEvent: {}
[0.199639] (-) TimerEvent: {}
[0.299947] (-) TimerEvent: {}
[0.400175] (-) TimerEvent: {}
[0.500494] (-) TimerEvent: {}
[0.514718] (swarm) Command: {'cmd': ['/usr/bin/python3', '-W', 'ignore:setup.py install is deprecated', '-W', 'ignore:easy_install command is deprecated', 'setup.py', 'egg_info', '--egg-base', '../../build/swarm', 'build', '--build-base', '/home/animesh/Desktop/swarm_project/build/swarm/build', 'install', '--record', '/home/animesh/Desktop/swarm_project/build/swarm/install.log', '--single-version-externally-managed', 'install_data'], 'cwd': '/home/animesh/Desktop/swarm_project/src/swarm', 'env': {'LANGUAGE': 'en_IN:en', 'USER': 'animesh', 'XDG_SESSION_TYPE': 'wayland', 'SHLVL': '1', 'LD_LIBRARY_PATH': '/opt/ros/humble/opt/zenoh_cpp_vendor/lib:/opt/ros/humble/opt/rviz_ogre_vendor/lib:/opt/ros/humble/lib/x86_64-linux-gnu:/opt/ros/humble/lib', 'HOME': '/home/animesh', 'OLDPWD': '/home/animesh', 'DESKTOP_SESSION': 'ubuntu', 'ROS_PYTHON_VERSION': '3', 'GNOME_SHELL_SESSION_MODE': 'ubuntu', 'GTK_MODULES': 'gail:atk-bridge', 'SYSTEMD_EXEC_PID': '1847', 'DBUS_SESSION_BUS_ADDRESS': 'unix:path=/run/user/1000/bus', 'COLORTERM': 'truecolor', 'IM_CONFIG_PHASE': '1', 'WAYLAND_DISPLAY': 'wayland-0', 'COLCON_PREFIX_PATH': '/home/animesh/swarm_ws/install', 'ROS_DISTRO': 'humble', 'LOGNAME': 'animesh', '_': '/usr/bin/colcon', 'ROS_VERSION': '2', 'XDG_SESSION_CLASS': 'user', 'USERNAME': 'animesh', 'TERM': 'xterm-256color', 'GNOME_DESKTOP_SESSION_ID': 'this-is-deprecated', 'ROS_LOCALHOST_ONLY': '0', 'PATH': '/opt/ros/humble/bin:/usr/local/sbin:/usr/local/bin:/usr/sbin:/usr/bin:/sbin:/bin:/usr/games:/usr/local/games:/snap/bin:/snap/bin', 'SESSION_MANAGER': 'local/animesh-lenovo-ideapad-s340-14iil:@/tmp/.ICE-unix/1823,unix/animesh-lenovo-ideapad-s340-14iil:/tmp/.ICE-unix/1823', 'XDG_MENU_PREFIX': 'gnome-', 'GNOME_TERMINAL_SCREEN': '/org/gnome/Terminal/screen/f678c068_ca2f_41c9_9fe3_cf1006c01874', 'GNOME_SETUP_DISPLAY': ':1', 'XDG_RUNTIME_DIR': '/run/user/1000', 'DISPLAY': ':0', 'LANG': 'en_US.UTF-8', 'XDG_CURRENT_DESKTOP': 'ubuntu:GNOME', 'XMODIFIERS': '@im=ibus', 'XDG_SESSION_DESKTOP': 'ubuntu', 'XAUTHORITY': '/run/user/1000/.mutter-Xwaylandauth.QS7FJ3', 'GNOME_TERMINAL_SERVICE': ':1.246', 'SSH_AGENT_LAUNCHER': 'gnome-keyring', 'SSH_AUTH_SOCK': '/run/user/1000/keyring/ssh', 'ROS_DOMAIN_ID': '21', 'AMENT_PREFIX_PATH': '/home/animesh/swarm_ws/install/swarm:/opt/ros/humble', 'SHELL': '/bin/bash', 'IGN_GAZEBO_SYSTEM_PLUGIN_PATH': ':/home/animesh/hydrogen_ws/src/hydrogen/plugins', 'QT_ACCESSIBILITY': '1', 'GDMSESSION': 'ubuntu', 'QT_IM_MODULE': 'ibus', 'PWD': '/home/animesh/Desktop/swarm_project/build/swarm', 'LC_ALL': 'en_US.UTF-8', 'XDG_CONFIG_DIRS': '/etc/xdg/xdg-ubuntu:/etc/xdg', 'XDG_DATA_DIRS': '/usr/share/ubuntu:/usr/local/share/:/usr/share/:/var/lib/snapd/desktop', 'PYTHONPATH': '/home/animesh/Desktop/swarm_project/build/swarm/prefix_override:/usr/lib/python3/dist-packages/colcon_core/task/python/colcon_distutils_commands:/home/animesh/Desktop/swarm_project/install/swarm/lib/python3.10/site-packages:/home/animesh/swarm_ws/install/swarm/lib/python3.10/site-packages:/opt/ros/humble/lib/python3.10/site-packages:/opt/ros/humble/local/lib/python3.10/dist-packages', 'COLCON': '1', 'VTE_VERSION': '6800'}, 'shell': False}
[0.600631] (-) TimerEvent: {}
[0.700875] (-) TimerEvent: {}
[0.713897] (swarm) StdoutLine: {'line': b'running egg_info\n'}
[0.714497] (swarm) StdoutLine: {'line': b'creating ../../build/swarm/swarm.egg-info\n'}
[0.714791] (swarm) StdoutLine: {'line': b'writing ../../build/swarm/swarm.egg-info/PKG-INFO\n'}
[0.714901] (swarm) StdoutLine: {'line': b'writing dependency_links to ../../build/swarm/swarm.egg-info/dependency_links.txt\n'}
[0.714980] (swarm) StdoutLine: {'line': b'writing entry points to ../../build/swarm/swarm.egg-info/entry_points.txt\n'}
[0.715048] (swarm) StdoutLine: {'line': b'writing requirements to ../../build/swarm/swarm.egg-info/requires.txt\n'}
[0.715114] (swarm) StdoutLine: {'line': b'writing top-level names to ../../build/swarm/swarm.egg-info/top_level.txt\n'}
[0.715229] (swarm) StdoutLine: {'line': b"writing manifest file '../../build/swarm/swarm.egg-info/SOURCES.txt'\n"}
[0.716594] (swarm) StdoutLine: {'line': b"reading manifest file '../../build/swarm/swarm.egg-info/SOURCES.txt'\n"}
[0.716690] (swarm) StdoutLine: {'line': b"adding license file 'LICENSE'\n"}
[0.717306] (swarm) StdoutLine: {'line': b"writing manifest file '../../build/swarm/swarm.egg-info/SOURCES.txt'\n"}
[0.717384] (swarm) StdoutLine: {'line': b'running build\n'}
[0.717438] (swarm) StdoutLine: {'line': b'running build_py\n'}
[0.717512] (swarm) StdoutLine: {'line': b'creating /home/animesh/Desktop/swarm_project/build/swarm/build\n'}
[0.717570] (swarm) StdoutLine: {'line': b'creating /home/animesh/Desktop/swarm_project/build/swarm/build/lib\n'}
[0.717641] (swarm) StdoutLine: {'line': b'creating /home/animesh/Desktop/swarm_project/build/swarm/build/lib/swarm\n'}
[0.717688] (swarm) StdoutLine: {'line': b'copying swarm/__init__.py -> /home/animesh/Desktop/swarm_project/build/swarm/build/lib/swarm\n'}
[0.717751] (swarm) StdoutLine: {'line': b'running install\n'}
[0.718001] (swarm) StdoutLine: {'line': b'running install_lib\n'}
[0.718575] (swarm) StdoutLine: {'line': b'creating /home/animesh/Desktop/swarm_project/install/swarm/lib/python3.10/site-packages/swarm\n'}
[0.718645] (swarm) StdoutLine: {'line': b'copying /home/animesh/Desktop/swarm_project/build/swarm/build/lib/swarm/__init__.py -> /home/animesh/Desktop/swarm_project/install/swarm/lib/python3.10/site-packages/swarm\n'}
[0.719083] (swarm) StdoutLine: {'line': b'byte-compiling /home/animesh/Desktop/swarm_project/install/swarm/lib/python3.10/site-packages/swarm/__init__.py to __init__.cpython-310.pyc\n'}
[0.719182] (swarm) StdoutLine: {'line': b'running install_data\n'}
[0.719251] (swarm) StdoutLine: {'line': b'creating /home/animesh/Desktop/swarm_project/install/swarm/share/ament_index\n'}
[0.719322] (swarm) StdoutLine: {'line': b'creating /home/animesh/Desktop/swarm_project/install/swarm/share/ament_index/resource_index\n'}
[0.719385] (swarm) StdoutLine: {'line': b'creating /home/animesh/Desktop/swarm_project/install/swarm/share/ament_index/resource_index/packages\n'}
[0.719434] (swarm) StdoutLine: {'line': b'copying resource/swarm -> /home/animesh/Desktop/swarm_project/install/swarm/share/ament_index/resource_index/packages\n'}
[0.719500] (swarm) StdoutLine: {'line': b'copying package.xml -> /home/animesh/Desktop/swarm_project/install/swarm/share/swarm\n'}
[0.719566] (swarm) StdoutLine: {'line': b'creating /home/animesh/Desktop/swarm_project/install/swarm/share/swarm/launch\n'}
[0.719632] (swarm) StdoutLine: {'line': b'copying launch/model.launch.py -> /home/animesh/Desktop/swarm_project/install/swarm/share/swarm/launch\n'}
[0.719696] (swarm) StdoutLine: {'line': b'creating /home/animesh/Desktop/swarm_project/install/swarm/share/swarm/model\n'}
[0.719761] (swarm) StdoutLine: {'line': b'copying model/main_frame.xacro -> /home/animesh/Desktop/swarm_project/install/swarm/share/swarm/model\n'}
[0.719825] (swarm) StdoutLine: {'line': b'copying model/robot.xacro -> /home/animesh/Desktop/swarm_project/install/swarm/share/swarm/model\n'}
[0.719879] (swarm) StdoutLine: {'line': b'copying model/robot.gazebo -> /home/animesh/Desktop/swarm_project/install/swarm/share/swarm/model\n'}
[0.719944] (swarm) StdoutLine: {'line': b'copying model/wheels.xacro -> /home/animesh/Desktop/swarm_project/install/swarm/share/swarm/model\n'}
[0.720021] (swarm) StdoutLine: {'line': b'creating /home/animesh/Desktop/swarm_project/install/swarm/share/swarm/meshes\n'}
[0.720082] (swarm) StdoutLine: {'line': b'copying meshes/zed2i.stl -> /home/animesh/Desktop/swarm_project/install/swarm/share/swarm/meshes\n'}
[0.720572] (swarm) StdoutLine: {'line': b'copying meshes/VLP16_base_2.dae -> /home/animesh/Desktop/swarm_project/install/swarm/share/swarm/meshes\n'}
[0.720746] (swarm) StdoutLine: {'line': b'copying meshes/top_chassis.stl -> /home/animesh/Desktop/swarm_project/install/swarm/share/swarm/meshes\n'}
[0.721340] (swarm) StdoutLine: {'line': b'copying meshes/VLP16_base_1.dae -> /home/animesh/Desktop/swarm_project/install/swarm/share/swarm/meshes\n'}
[0.721507] (swarm) StdoutLine: {'line': b'copying meshes/bumper.stl -> /home/animesh/Desktop/swarm_project/install/swarm/share/swarm/meshes\n'}
[0.721640] (swarm) StdoutLine: {'line': b'copying meshes/VLP16_scan.dae -> /home/animesh/Desktop/swarm_project/install/swarm/share/swarm/meshes\n'}
[0.721724] (swarm) StdoutLine: {'line': b'copying meshes/wheel.stl -> /home/animesh/Desktop/swarm_project/install/swarm/share/swarm/meshes\n'}
[0.722186] (swarm) StdoutLine: {'line': b'copying meshes/main_frame.stl -> /home/animesh/Desktop/swarm_project/install/swarm/share/swarm/meshes\n'}
[0.722404] (swarm) StdoutLine: {'line': b'copying meshes/realsense.stl -> /home/animesh/Desktop/swarm_project/install/swarm/share/swarm/meshes\n'}
[0.722520] (swarm) StdoutLine: {'line': b'creating /home/animesh/Desktop/swarm_project/install/swarm/share/swarm/world\n'}
[0.722585] (swarm) StdoutLine: {'line': b'copying world/swarm_world.sdf -> /home/animesh/Desktop/swarm_project/install/swarm/share/swarm/world\n'}
[0.722662] (swarm) StdoutLine: {'line': b'creating /home/animesh/Desktop/swarm_project/install/swarm/share/swarm/world/ground\n'}
[0.722719] (swarm) StdoutLine: {'line': b'copying world/ground/model.config -> /home/animesh/Desktop/swarm_project/install/swarm/share/swarm/world/ground\n'}
[0.722785] (swarm) StdoutLine: {'line': b'copying world/ground/ground.sdf -> /home/animesh/Desktop/swarm_project/install/swarm/share/swarm/world/ground\n'}
[0.722858] (swarm) StdoutLine: {'line': b'copying world/ground/thumbnails/4.png -> /home/animesh/Desktop/swarm_project/install/swarm/share/swarm/world/ground\n'}
[0.722928] (swarm) StdoutLine: {'line': b'copying world/ground/thumbnails/5.png -> /home/animesh/Desktop/swarm_project/install/swarm/share/swarm/world/ground\n'}
[0.722997] (swarm) StdoutLine: {'line': b'copying world/ground/thumbnails/1.png -> /home/animesh/Desktop/swarm_project/install/swarm/share/swarm/world/ground\n'}
[0.723072] (swarm) StdoutLine: {'line': b'copying world/ground/thumbnails/2.png -> /home/animesh/Desktop/swarm_project/install/swarm/share/swarm/world/ground\n'}
[0.723144] (swarm) StdoutLine: {'line': b'copying world/ground/thumbnails/3.png -> /home/animesh/Desktop/swarm_project/install/swarm/share/swarm/world/ground\n'}
[0.723205] (swarm) StdoutLine: {'line': b'running install_egg_info\n'}
[0.725575] (swarm) StdoutLine: {'line': b'Copying ../../build/swarm/swarm.egg-info to /home/animesh/Desktop/swarm_project/install/swarm/lib/python3.10/site-packages/swarm-0.0.0-py3.10.egg-info\n'}
[0.726285] (swarm) StdoutLine: {'line': b'running install_scripts\n'}
[0.743201] (swarm) StdoutLine: {'line': b"writing list of installed files to '/home/animesh/Desktop/swarm_project/build/swarm/install.log'\n"}
[0.764199] (swarm) CommandEnded: {'returncode': 0}
[0.772094] (swarm) JobEnded: {'identifier': 'swarm', 'rc': 0}
[0.772707] (-) EventReactorShutdown: {}
